  tp2.cpp
c:\users\andre\onedrive\documentos\ei\sistemas operativos\tp2\tp2\tp2.cpp(295): warning C4996: 'scanf': This function or variable may be unsafe. Consider using scanf_s instead. To disable deprecation, use _CRT_SECURE_NO_WARNINGS. See online help for details.
  c:\program files (x86)\windows kits\10\include\10.0.10240.0\ucrt\stdio.h(1270): note: see declaration of 'scanf'
c:\users\andre\onedrive\documentos\ei\sistemas operativos\tp2\tp2\tp2.cpp(340): warning C4244: 'argument': conversion from 'time_t' to 'unsigned int', possible loss of data
c:\users\andre\onedrive\documentos\ei\sistemas operativos\tp2\tp2\tp2.cpp(346): warning C4996: 'strcpy': This function or variable may be unsafe. Consider using strcpy_s instead. To disable deprecation, use _CRT_SECURE_NO_WARNINGS. See online help for details.
  c:\program files (x86)\windows kits\10\include\10.0.10240.0\ucrt\string.h(119): note: see declaration of 'strcpy'
c:\users\andre\onedrive\documentos\ei\sistemas operativos\tp2\tp2\tp2.cpp(363): warning C4996: 'scanf': This function or variable may be unsafe. Consider using scanf_s instead. To disable deprecation, use _CRT_SECURE_NO_WARNINGS. See online help for details.
  c:\program files (x86)\windows kits\10\include\10.0.10240.0\ucrt\stdio.h(1270): note: see declaration of 'scanf'
c:\users\andre\onedrive\documentos\ei\sistemas operativos\tp2\tp2\tp2.cpp(404): warning C4996: 'scanf': This function or variable may be unsafe. Consider using scanf_s instead. To disable deprecation, use _CRT_SECURE_NO_WARNINGS. See online help for details.
  c:\program files (x86)\windows kits\10\include\10.0.10240.0\ucrt\stdio.h(1270): note: see declaration of 'scanf'
c:\users\andre\onedrive\documentos\ei\sistemas operativos\tp2\tp2\tp2.cpp(790): warning C4129: ' ': unrecognized character escape sequence
c:\users\andre\onedrive\documentos\ei\sistemas operativos\tp2\tp2\tp2.cpp(680): warning C4996: 'strcpy': This function or variable may be unsafe. Consider using strcpy_s instead. To disable deprecation, use _CRT_SECURE_NO_WARNINGS. See online help for details.
  c:\program files (x86)\windows kits\10\include\10.0.10240.0\ucrt\string.h(119): note: see declaration of 'strcpy'
c:\users\andre\onedrive\documentos\ei\sistemas operativos\tp2\tp2\tp2.cpp(690): warning C4996: 'strcpy': This function or variable may be unsafe. Consider using strcpy_s instead. To disable deprecation, use _CRT_SECURE_NO_WARNINGS. See online help for details.
  c:\program files (x86)\windows kits\10\include\10.0.10240.0\ucrt\string.h(119): note: see declaration of 'strcpy'
c:\users\andre\onedrive\documentos\ei\sistemas operativos\tp2\tp2\tp2.cpp(700): warning C4996: 'strcpy': This function or variable may be unsafe. Consider using strcpy_s instead. To disable deprecation, use _CRT_SECURE_NO_WARNINGS. See online help for details.
  c:\program files (x86)\windows kits\10\include\10.0.10240.0\ucrt\string.h(119): note: see declaration of 'strcpy'
c:\users\andre\onedrive\documentos\ei\sistemas operativos\tp2\tp2\tp2.cpp(710): warning C4996: 'strcpy': This function or variable may be unsafe. Consider using strcpy_s instead. To disable deprecation, use _CRT_SECURE_NO_WARNINGS. See online help for details.
  c:\program files (x86)\windows kits\10\include\10.0.10240.0\ucrt\string.h(119): note: see declaration of 'strcpy'
c:\users\andre\onedrive\documentos\ei\sistemas operativos\tp2\tp2\tp2.cpp(720): warning C4996: 'strcpy': This function or variable may be unsafe. Consider using strcpy_s instead. To disable deprecation, use _CRT_SECURE_NO_WARNINGS. See online help for details.
  c:\program files (x86)\windows kits\10\include\10.0.10240.0\ucrt\string.h(119): note: see declaration of 'strcpy'
c:\users\andre\onedrive\documentos\ei\sistemas operativos\tp2\tp2\tp2.cpp(730): warning C4996: 'strcpy': This function or variable may be unsafe. Consider using strcpy_s instead. To disable deprecation, use _CRT_SECURE_NO_WARNINGS. See online help for details.
  c:\program files (x86)\windows kits\10\include\10.0.10240.0\ucrt\string.h(119): note: see declaration of 'strcpy'
c:\users\andre\onedrive\documentos\ei\sistemas operativos\tp2\tp2\tp2.cpp(740): warning C4996: 'strcpy': This function or variable may be unsafe. Consider using strcpy_s instead. To disable deprecation, use _CRT_SECURE_NO_WARNINGS. See online help for details.
  c:\program files (x86)\windows kits\10\include\10.0.10240.0\ucrt\string.h(119): note: see declaration of 'strcpy'
c:\users\andre\onedrive\documentos\ei\sistemas operativos\tp2\tp2\tp2.cpp(750): warning C4996: 'strcpy': This function or variable may be unsafe. Consider using strcpy_s instead. To disable deprecation, use _CRT_SECURE_NO_WARNINGS. See online help for details.
  c:\program files (x86)\windows kits\10\include\10.0.10240.0\ucrt\string.h(119): note: see declaration of 'strcpy'
c:\users\andre\onedrive\documentos\ei\sistemas operativos\tp2\tp2\tp2.cpp(760): warning C4996: 'strcpy': This function or variable may be unsafe. Consider using strcpy_s instead. To disable deprecation, use _CRT_SECURE_NO_WARNINGS. See online help for details.
  c:\program files (x86)\windows kits\10\include\10.0.10240.0\ucrt\string.h(119): note: see declaration of 'strcpy'
c:\users\andre\onedrive\documentos\ei\sistemas operativos\tp2\tp2\tp2.cpp(770): warning C4996: 'strcpy': This function or variable may be unsafe. Consider using strcpy_s instead. To disable deprecation, use _CRT_SECURE_NO_WARNINGS. See online help for details.
  c:\program files (x86)\windows kits\10\include\10.0.10240.0\ucrt\string.h(119): note: see declaration of 'strcpy'
c:\users\andre\onedrive\documentos\ei\sistemas operativos\tp2\tp2\tp2.cpp(780): warning C4996: 'strcpy': This function or variable may be unsafe. Consider using strcpy_s instead. To disable deprecation, use _CRT_SECURE_NO_WARNINGS. See online help for details.
  c:\program files (x86)\windows kits\10\include\10.0.10240.0\ucrt\string.h(119): note: see declaration of 'strcpy'
c:\users\andre\onedrive\documentos\ei\sistemas operativos\tp2\tp2\tp2.cpp(790): warning C4996: 'strcpy': This function or variable may be unsafe. Consider using strcpy_s instead. To disable deprecation, use _CRT_SECURE_NO_WARNINGS. See online help for details.
  c:\program files (x86)\windows kits\10\include\10.0.10240.0\ucrt\string.h(119): note: see declaration of 'strcpy'
c:\users\andre\onedrive\documentos\ei\sistemas operativos\tp2\tp2\tp2.cpp(800): warning C4996: 'strcpy': This function or variable may be unsafe. Consider using strcpy_s instead. To disable deprecation, use _CRT_SECURE_NO_WARNINGS. See online help for details.
  c:\program files (x86)\windows kits\10\include\10.0.10240.0\ucrt\string.h(119): note: see declaration of 'strcpy'
c:\users\andre\onedrive\documentos\ei\sistemas operativos\tp2\tp2\tp2.cpp(850): warning C4129: ' ': unrecognized character escape sequence
c:\users\andre\onedrive\documentos\ei\sistemas operativos\tp2\tp2\tp2.cpp(852): warning C4129: '_': unrecognized character escape sequence
c:\users\andre\onedrive\documentos\ei\sistemas operativos\tp2\tp2\tp2.cpp(853): warning C4129: '_': unrecognized character escape sequence
c:\users\andre\onedrive\documentos\ei\sistemas operativos\tp2\tp2\tp2.cpp(855): warning C4129: ' ': unrecognized character escape sequence
c:\users\andre\onedrive\documentos\ei\sistemas operativos\tp2\tp2\tp2.cpp(856): warning C4129: ' ': unrecognized character escape sequence
c:\users\andre\onedrive\documentos\ei\sistemas operativos\tp2\tp2\tp2.cpp(856): warning C4129: '.': unrecognized character escape sequence
c:\users\andre\onedrive\documentos\ei\sistemas operativos\tp2\tp2\tp2.cpp(857): warning C4129: ' ': unrecognized character escape sequence
c:\users\andre\onedrive\documentos\ei\sistemas operativos\tp2\tp2\tp2.cpp(858): warning C4129: '(': unrecognized character escape sequence
c:\users\andre\onedrive\documentos\ei\sistemas operativos\tp2\tp2\tp2.cpp(858): warning C4129: '/': unrecognized character escape sequence
c:\users\andre\onedrive\documentos\ei\sistemas operativos\tp2\tp2\tp2.cpp(858): warning C4129: ')': unrecognized character escape sequence
c:\users\andre\onedrive\documentos\ei\sistemas operativos\tp2\tp2\tp2.cpp(859): warning C4129: '/': unrecognized character escape sequence
c:\users\andre\onedrive\documentos\ei\sistemas operativos\tp2\tp2\tp2.cpp(859): warning C4129: '|': unrecognized character escape sequence
c:\users\andre\onedrive\documentos\ei\sistemas operativos\tp2\tp2\tp2.cpp(860): warning C4129: '/': unrecognized character escape sequence
c:\users\andre\onedrive\documentos\ei\sistemas operativos\tp2\tp2\tp2.cpp(861): warning C4129: ' ': unrecognized character escape sequence
c:\users\andre\onedrive\documentos\ei\sistemas operativos\tp2\tp2\tp2.cpp(862): warning C4129: '/': unrecognized character escape sequence
c:\users\andre\onedrive\documentos\ei\sistemas operativos\tp2\tp2\tp2.cpp(878): warning C4996: 'fopen': This function or variable may be unsafe. Consider using fopen_s instead. To disable deprecation, use _CRT_SECURE_NO_WARNINGS. See online help for details.
  c:\program files (x86)\windows kits\10\include\10.0.10240.0\ucrt\stdio.h(205): note: see declaration of 'fopen'
c:\users\andre\onedrive\documentos\ei\sistemas operativos\tp2\tp2\tp2.cpp(905): warning C4129: ' ': unrecognized character escape sequence
c:\users\andre\onedrive\documentos\ei\sistemas operativos\tp2\tp2\tp2.cpp(923): warning C4996: 'fopen': This function or variable may be unsafe. Consider using fopen_s instead. To disable deprecation, use _CRT_SECURE_NO_WARNINGS. See online help for details.
  c:\program files (x86)\windows kits\10\include\10.0.10240.0\ucrt\stdio.h(205): note: see declaration of 'fopen'
c:\users\andre\onedrive\documentos\ei\sistemas operativos\tp2\tp2\tp2.cpp(927): warning C4996: 'strcpy': This function or variable may be unsafe. Consider using strcpy_s instead. To disable deprecation, use _CRT_SECURE_NO_WARNINGS. See online help for details.
  c:\program files (x86)\windows kits\10\include\10.0.10240.0\ucrt\string.h(119): note: see declaration of 'strcpy'
c:\users\andre\onedrive\documentos\ei\sistemas operativos\tp2\tp2\tp2.cpp(970): warning C4996: 'scanf': This function or variable may be unsafe. Consider using scanf_s instead. To disable deprecation, use _CRT_SECURE_NO_WARNINGS. See online help for details.
  c:\program files (x86)\windows kits\10\include\10.0.10240.0\ucrt\stdio.h(1270): note: see declaration of 'scanf'
c:\users\andre\onedrive\documentos\ei\sistemas operativos\tp2\tp2\tp2.cpp(1089): warning C4996: 'fopen': This function or variable may be unsafe. Consider using fopen_s instead. To disable deprecation, use _CRT_SECURE_NO_WARNINGS. See online help for details.
  c:\program files (x86)\windows kits\10\include\10.0.10240.0\ucrt\stdio.h(205): note: see declaration of 'fopen'
c:\users\andre\onedrive\documentos\ei\sistemas operativos\tp2\tp2\tp2.cpp(1087): warning C4101: 'l': unreferenced local variable
c:\users\andre\onedrive\documentos\ei\sistemas operativos\tp2\tp2\tp2.cpp(1107): warning C4996: 'fopen': This function or variable may be unsafe. Consider using fopen_s instead. To disable deprecation, use _CRT_SECURE_NO_WARNINGS. See online help for details.
  c:\program files (x86)\windows kits\10\include\10.0.10240.0\ucrt\stdio.h(205): note: see declaration of 'fopen'
c:\users\andre\onedrive\documentos\ei\sistemas operativos\tp2\tp2\tp2.cpp(1126): warning C4996: 'strcpy': This function or variable may be unsafe. Consider using strcpy_s instead. To disable deprecation, use _CRT_SECURE_NO_WARNINGS. See online help for details.
  c:\program files (x86)\windows kits\10\include\10.0.10240.0\ucrt\string.h(119): note: see declaration of 'strcpy'
c:\users\andre\onedrive\documentos\ei\sistemas operativos\tp2\tp2\tp2.cpp(1008): warning C4715: 'BackgroundSounds': not all control paths return a value
  tp2.vcxproj -> C:\Users\andre\OneDrive\Documentos\EI\Sistemas Operativos\tp2\Debug\tp2.exe
  tp2.vcxproj -> C:\Users\andre\OneDrive\Documentos\EI\Sistemas Operativos\tp2\Debug\tp2.pdb (Full PDB)
